<?xml version="1.0" encoding="UTF-8"?>
<testsuite xmlns:xsi="http://www.w3.org/2001/XMLSchema-instance" xsi:noNamespaceSchemaLocation="https://maven.apache.org/surefire/maven-surefire-plugin/xsd/surefire-test-report.xsd" version="3.0.1" name="TestSuite" time="15.168" tests="2" errors="0" skipped="0" failures="0">
  <properties>
[...]
</properties>
  <testcase name="crawl[[Ljava.lang.Object;@45efc20d](1)" classname="crawling.app.crawl.TestRunner" time="7.41">
    <system-out><![CDATA[2024-11-14T17:45:07.266339100Z main ERROR Console contains an invalid element or attribute "level"
[ERROR] 2024-11-14 23:15:07.609 TestRunner.crawl(TestRunner.java:43) - Test error
]]></system-out>
    <system-err><![CDATA[SLF4J: Failed to load class "org.slf4j.impl.StaticLoggerBinder".
SLF4J: Defaulting to no-operation (NOP) logger implementation
SLF4J: See http://www.slf4j.org/codes.html#StaticLoggerBinder for further details.
Nov 14, 2024 11:15:10 PM org.openqa.selenium.devtools.CdpVersionFinder findNearestMatch
WARNING: Unable to find an exact match for CDP version 130, returning the closest version; found: 128; Please update to a Selenium version that supports CDP version 130
]]></system-err>
  </testcase>
  <testcase name="crawl[[Ljava.lang.Object;@4930539b](2)" classname="crawling.app.crawl.TestRunner" time="4.342">
    <system-out><![CDATA[[ERROR] 2024-11-14 23:15:15.461 TestRunner.crawl(TestRunner.java:43) - Test error
]]></system-out>
    <system-err><![CDATA[Nov 14, 2024 11:15:17 PM org.openqa.selenium.devtools.CdpVersionFinder findNearestMatch
WARNING: Unable to find an exact match for CDP version 130, returning the closest version; found: 128; Please update to a Selenium version that supports CDP version 130
]]></system-err>
  </testcase>
</testsuite>